Timing Analyzer report for ft232h_245fifo
Mon Nov 20 14:17:11 2023
Quartus Prime Version 18.0.0 Build 614 04/24/2018 SJ Lite Edition


---------------------
; Table of Contents ;
---------------------
  1. Legal Notice
  2. Timing Analyzer Summary
  3. Parallel Compilation
  4. SDC File List
  5. Clocks
  6. Slow 1200mV 85C Model Fmax Summary
  7. Slow 1200mV 85C Model Setup Summary
  8. Slow 1200mV 85C Model Hold Summary
  9. Slow 1200mV 85C Model Recovery Summary
 10. Slow 1200mV 85C Model Removal Summary
 11. Slow 1200mV 85C Model Minimum Pulse Width Summary
 12. Slow 1200mV 85C Model Metastability Summary
 13. Slow 1200mV 0C Model Fmax Summary
 14. Slow 1200mV 0C Model Setup Summary
 15. Slow 1200mV 0C Model Hold Summary
 16. Slow 1200mV 0C Model Recovery Summary
 17. Slow 1200mV 0C Model Removal Summary
 18. Slow 1200mV 0C Model Minimum Pulse Width Summary
 19. Slow 1200mV 0C Model Metastability Summary
 20. Fast 1200mV 0C Model Setup Summary
 21. Fast 1200mV 0C Model Hold Summary
 22. Fast 1200mV 0C Model Recovery Summary
 23. Fast 1200mV 0C Model Removal Summary
 24. Fast 1200mV 0C Model Minimum Pulse Width Summary
 25. Fast 1200mV 0C Model Metastability Summary
 26. Multicorner Timing Analysis Summary
 27. Board Trace Model Assignments
 28. Input Transition Times
 29. Signal Integrity Metrics (Slow 1200mv 0c Model)
 30. Signal Integrity Metrics (Slow 1200mv 85c Model)
 31. Signal Integrity Metrics (Fast 1200mv 0c Model)
 32. Setup Transfers
 33. Hold Transfers
 34. Recovery Transfers
 35. Removal Transfers
 36. Report TCCS
 37. Report RSKM
 38. Unconstrained Paths Summary
 39. Clock Status Summary
 40. Unconstrained Input Ports
 41. Unconstrained Output Ports
 42. Unconstrained Input Ports
 43. Unconstrained Output Ports
 44. Timing Analyzer Messages



----------------
; Legal Notice ;
----------------
Copyright (C) 2018  Intel Corporation. All rights reserved.
Your use of Intel Corporation's design tools, logic functions 
and other software and tools, and its AMPP partner logic 
functions, and any output files from any of the foregoing 
(including device programming or simulation files), and any 
associated documentation or information are expressly subject 
to the terms and conditions of the Intel Program License 
Subscription Agreement, the Intel Quartus Prime License Agreement,
the Intel FPGA IP License Agreement, or other applicable license
agreement, including, without limitation, that your use is for
the sole purpose of programming logic devices manufactured by
Intel and sold by Intel or its authorized distributors.  Please
refer to the applicable agreement for further details.



+-----------------------------------------------------------------------------+
; Timing Analyzer Summary                                                     ;
+-----------------------+-----------------------------------------------------+
; Quartus Prime Version ; Version 18.0.0 Build 614 04/24/2018 SJ Lite Edition ;
; Timing Analyzer       ; Legacy Timing Analyzer                              ;
; Revision Name         ; ft232h_245fifo                                      ;
; Device Family         ; MAX 10                                              ;
; Device Name           ; 10M08SAE144C8G                                      ;
; Timing Models         ; Final                                               ;
; Delay Model           ; Combined                                            ;
; Rise/Fall Delays      ; Enabled                                             ;
+-----------------------+-----------------------------------------------------+


+------------------------------------------+
; Parallel Compilation                     ;
+----------------------------+-------------+
; Processors                 ; Number      ;
+----------------------------+-------------+
; Number detected on machine ; 8           ;
; Maximum allowed            ; 4           ;
;                            ;             ;
; Average used               ; 1.45        ;
; Maximum used               ; 4           ;
;                            ;             ;
; Usage by Processor         ; % Time Used ;
;     Processor 1            ; 100.0%      ;
;     Processor 2            ;  15.2%      ;
;     Processor 3            ;  14.8%      ;
;     Processor 4            ;  14.7%      ;
+----------------------------+-------------+


+---------------------------------------------------------------------------------------------------------+
; SDC File List                                                                                           ;
+---------------------------------------------------------------------+--------+--------------------------+
; SDC File Path                                                       ; Status ; Read at                  ;
+---------------------------------------------------------------------+--------+--------------------------+
; FPGA-ftdi245fifo-main/RTL/fpga_ft232h_example/constraint_ft232h.sdc ; OK     ; Mon Nov 20 14:17:09 2023 ;
+---------------------------------------------------------------------+--------+--------------------------+


+--------------------------------------------------------------------------------------------------------------------------------------------------------------------------------------+
; Clocks                                                                                                                                                                               ;
+------------+------+--------+-----------+-------+--------+------------+-----------+-------------+-------+--------+-----------+------------+----------+--------+--------+--------------+
; Clock Name ; Type ; Period ; Frequency ; Rise  ; Fall   ; Duty Cycle ; Divide by ; Multiply by ; Phase ; Offset ; Edge List ; Edge Shift ; Inverted ; Master ; Source ; Targets      ;
+------------+------+--------+-----------+-------+--------+------------+-----------+-------------+-------+--------+-----------+------------+----------+--------+--------+--------------+
; clk        ; Base ; 20.000 ; 50.0 MHz  ; 0.000 ; 10.000 ;            ;           ;             ;       ;        ;           ;            ;          ;        ;        ; { clk }      ;
; ftdi_clk   ; Base ; 16.667 ; 60.0 MHz  ; 0.000 ; 8.333  ;            ;           ;             ;       ;        ;           ;            ;          ;        ;        ; { ftdi_clk } ;
+------------+------+--------+-----------+-------+--------+------------+-----------+-------------+-------+--------+-----------+------------+----------+--------+--------+--------------+


+--------------------------------------------------+
; Slow 1200mV 85C Model Fmax Summary               ;
+------------+-----------------+------------+------+
; Fmax       ; Restricted Fmax ; Clock Name ; Note ;
+------------+-----------------+------------+------+
; 103.89 MHz ; 103.89 MHz      ; ftdi_clk   ;      ;
; 105.11 MHz ; 105.11 MHz      ; clk        ;      ;
+------------+-----------------+------------+------+
This panel reports FMAX for every clock in the design, regardless of the user-specified clock periods.  FMAX is only computed for paths where the source and destination registers or ports are driven by the same clock.  Paths of different clocks, including generated clocks, are ignored.  For paths between a clock and its inversion, FMAX is computed as if the rising and falling edges are scaled along with FMAX, such that the duty cycle (in terms of a percentage) is maintained. Altera recommends that you always use clock constraints and other slack reports for sign-off analysis.


+-------------------------------------+
; Slow 1200mV 85C Model Setup Summary ;
+----------+--------+-----------------+
; Clock    ; Slack  ; End Point TNS   ;
+----------+--------+-----------------+
; ftdi_clk ; 7.041  ; 0.000           ;
; clk      ; 10.486 ; 0.000           ;
+----------+--------+-----------------+


+------------------------------------+
; Slow 1200mV 85C Model Hold Summary ;
+----------+-------+-----------------+
; Clock    ; Slack ; End Point TNS   ;
+----------+-------+-----------------+
; clk      ; 0.305 ; 0.000           ;
; ftdi_clk ; 0.394 ; 0.000           ;
+----------+-------+-----------------+


+----------------------------------------+
; Slow 1200mV 85C Model Recovery Summary ;
+----------+--------+--------------------+
; Clock    ; Slack  ; End Point TNS      ;
+----------+--------+--------------------+
; ftdi_clk ; 11.621 ; 0.000              ;
; clk      ; 16.781 ; 0.000              ;
+----------+--------+--------------------+


+---------------------------------------+
; Slow 1200mV 85C Model Removal Summary ;
+----------+-------+--------------------+
; Clock    ; Slack ; End Point TNS      ;
+----------+-------+--------------------+
; clk      ; 2.314 ; 0.000              ;
; ftdi_clk ; 3.110 ; 0.000              ;
+----------+-------+--------------------+


+---------------------------------------------------+
; Slow 1200mV 85C Model Minimum Pulse Width Summary ;
+----------+-------+--------------------------------+
; Clock    ; Slack ; End Point TNS                  ;
+----------+-------+--------------------------------+
; ftdi_clk ; 7.955 ; 0.000                          ;
; clk      ; 9.578 ; 0.000                          ;
+----------+-------+--------------------------------+


-----------------------------------------------
; Slow 1200mV 85C Model Metastability Summary ;
-----------------------------------------------
The design MTBF is not calculated because there are no specified synchronizers in the design.
Number of Synchronizer Chains Found: 40
Shortest Synchronizer Chain: 2 Registers
Fraction of Chains for which MTBFs Could Not be Calculated: 1.000
Worst Case Available Settling Time: 24.203 ns




+--------------------------------------------------+
; Slow 1200mV 0C Model Fmax Summary                ;
+------------+-----------------+------------+------+
; Fmax       ; Restricted Fmax ; Clock Name ; Note ;
+------------+-----------------+------------+------+
; 109.78 MHz ; 109.78 MHz      ; ftdi_clk   ;      ;
; 110.07 MHz ; 110.07 MHz      ; clk        ;      ;
+------------+-----------------+------------+------+
This panel reports FMAX for every clock in the design, regardless of the user-specified clock periods.  FMAX is only computed for paths where the source and destination registers or ports are driven by the same clock.  Paths of different clocks, including generated clocks, are ignored.  For paths between a clock and its inversion, FMAX is computed as if the rising and falling edges are scaled along with FMAX, such that the duty cycle (in terms of a percentage) is maintained. Altera recommends that you always use clock constraints and other slack reports for sign-off analysis.


+------------------------------------+
; Slow 1200mV 0C Model Setup Summary ;
+----------+--------+----------------+
; Clock    ; Slack  ; End Point TNS  ;
+----------+--------+----------------+
; ftdi_clk ; 7.558  ; 0.000          ;
; clk      ; 10.915 ; 0.000          ;
+----------+--------+----------------+


+-----------------------------------+
; Slow 1200mV 0C Model Hold Summary ;
+----------+-------+----------------+
; Clock    ; Slack ; End Point TNS  ;
+----------+-------+----------------+
; clk      ; 0.278 ; 0.000          ;
; ftdi_clk ; 0.352 ; 0.000          ;
+----------+-------+----------------+


+---------------------------------------+
; Slow 1200mV 0C Model Recovery Summary ;
+----------+--------+-------------------+
; Clock    ; Slack  ; End Point TNS     ;
+----------+--------+-------------------+
; ftdi_clk ; 11.918 ; 0.000             ;
; clk      ; 17.048 ; 0.000             ;
+----------+--------+-------------------+


+--------------------------------------+
; Slow 1200mV 0C Model Removal Summary ;
+----------+-------+-------------------+
; Clock    ; Slack ; End Point TNS     ;
+----------+-------+-------------------+
; clk      ; 2.102 ; 0.000             ;
; ftdi_clk ; 2.789 ; 0.000             ;
+----------+-------+-------------------+


+--------------------------------------------------+
; Slow 1200mV 0C Model Minimum Pulse Width Summary ;
+----------+-------+-------------------------------+
; Clock    ; Slack ; End Point TNS                 ;
+----------+-------+-------------------------------+
; ftdi_clk ; 7.817 ; 0.000                         ;
; clk      ; 9.602 ; 0.000                         ;
+----------+-------+-------------------------------+


----------------------------------------------
; Slow 1200mV 0C Model Metastability Summary ;
----------------------------------------------
The design MTBF is not calculated because there are no specified synchronizers in the design.
Number of Synchronizer Chains Found: 40
Shortest Synchronizer Chain: 2 Registers
Fraction of Chains for which MTBFs Could Not be Calculated: 1.000
Worst Case Available Settling Time: 24.736 ns




+------------------------------------+
; Fast 1200mV 0C Model Setup Summary ;
+----------+--------+----------------+
; Clock    ; Slack  ; End Point TNS  ;
+----------+--------+----------------+
; ftdi_clk ; 12.650 ; 0.000          ;
; clk      ; 16.245 ; 0.000          ;
+----------+--------+----------------+


+-----------------------------------+
; Fast 1200mV 0C Model Hold Summary ;
+----------+-------+----------------+
; Clock    ; Slack ; End Point TNS  ;
+----------+-------+----------------+
; clk      ; 0.107 ; 0.000          ;
; ftdi_clk ; 0.158 ; 0.000          ;
+----------+-------+----------------+


+---------------------------------------+
; Fast 1200mV 0C Model Recovery Summary ;
+----------+--------+-------------------+
; Clock    ; Slack  ; End Point TNS     ;
+----------+--------+-------------------+
; ftdi_clk ; 14.519 ; 0.000             ;
; clk      ; 18.545 ; 0.000             ;
+----------+--------+-------------------+


+--------------------------------------+
; Fast 1200mV 0C Model Removal Summary ;
+----------+-------+-------------------+
; Clock    ; Slack ; End Point TNS     ;
+----------+-------+-------------------+
; clk      ; 1.012 ; 0.000             ;
; ftdi_clk ; 1.288 ; 0.000             ;
+----------+-------+-------------------+


+--------------------------------------------------+
; Fast 1200mV 0C Model Minimum Pulse Width Summary ;
+----------+-------+-------------------------------+
; Clock    ; Slack ; End Point TNS                 ;
+----------+-------+-------------------------------+
; ftdi_clk ; 7.498 ; 0.000                         ;
; clk      ; 9.268 ; 0.000                         ;
+----------+-------+-------------------------------+


----------------------------------------------
; Fast 1200mV 0C Model Metastability Summary ;
----------------------------------------------
The design MTBF is not calculated because there are no specified synchronizers in the design.
Number of Synchronizer Chains Found: 40
Shortest Synchronizer Chain: 2 Registers
Fraction of Chains for which MTBFs Could Not be Calculated: 1.000
Worst Case Available Settling Time: 29.496 ns




+------------------------------------------------------------------------------+
; Multicorner Timing Analysis Summary                                          ;
+------------------+--------+-------+----------+---------+---------------------+
; Clock            ; Setup  ; Hold  ; Recovery ; Removal ; Minimum Pulse Width ;
+------------------+--------+-------+----------+---------+---------------------+
; Worst-case Slack ; 7.041  ; 0.107 ; 11.621   ; 1.012   ; 7.498               ;
;  clk             ; 10.486 ; 0.107 ; 16.781   ; 1.012   ; 9.268               ;
;  ftdi_clk        ; 7.041  ; 0.158 ; 11.621   ; 1.288   ; 7.498               ;
; Design-wide TNS  ; 0.0    ; 0.0   ; 0.0      ; 0.0     ; 0.0                 ;
;  clk             ; 0.000  ; 0.000 ; 0.000    ; 0.000   ; 0.000               ;
;  ftdi_clk        ; 0.000  ; 0.000 ; 0.000    ; 0.000   ; 0.000               ;
+------------------+--------+-------+----------+---------+---------------------+


+-----------------------------------------------------------------------------------------------------------------------------------------------------------------------------------------------------------------------------------------------------------------------------------------------------------------------------------------------------------------------------------------------------------------+
; Board Trace Model Assignments                                                                                                                                                                                                                                                                                                                                                                                   ;
+--------------+--------------+-------------------+-------------------------+-------------------------+---------------+---------------------+----------------+------------------+--------+------------------+------------------------+------------------------+--------------+---------------+-----------------+-------+---------------------+--------------------+---------------+-----------------+-------------+
; Pin          ; I/O Standard ; Near Tline Length ; Near Tline L per Length ; Near Tline C per Length ; Near Series R ; Near Differential R ; Near Pull-up R ; Near Pull-down R ; Near C ; Far Tline Length ; Far Tline L per Length ; Far Tline C per Length ; Far Series R ; Far Pull-up R ; Far Pull-down R ; Far C ; Termination Voltage ; Far Differential R ; EBD File Name ; EBD Signal Name ; EBD Far-end ;
+--------------+--------------+-------------------+-------------------------+-------------------------+---------------+---------------------+----------------+------------------+--------+------------------+------------------------+------------------------+--------------+---------------+-----------------+-------+---------------------+--------------------+---------------+-----------------+-------------+
; LED[0]       ; 1.5 V        ; 0 in              ; 0 H/in                  ; 0 F/in                  ; short         ; -                   ; open           ; open             ; open   ; 0 in             ; 0 H/in                 ; 0 F/in                 ; short        ; open          ; open            ; open  ; 0 V                 ; -                  ; n/a           ; n/a             ; n/a         ;
; LED[1]       ; 1.5 V        ; 0 in              ; 0 H/in                  ; 0 F/in                  ; short         ; -                   ; open           ; open             ; open   ; 0 in             ; 0 H/in                 ; 0 F/in                 ; short        ; open          ; open            ; open  ; 0 V                 ; -                  ; n/a           ; n/a             ; n/a         ;
; LED[2]       ; 1.5 V        ; 0 in              ; 0 H/in                  ; 0 F/in                  ; short         ; -                   ; open           ; open             ; open   ; 0 in             ; 0 H/in                 ; 0 F/in                 ; short        ; open          ; open            ; open  ; 0 V                 ; -                  ; n/a           ; n/a             ; n/a         ;
; LED[3]       ; 1.5 V        ; 0 in              ; 0 H/in                  ; 0 F/in                  ; short         ; -                   ; open           ; open             ; open   ; 0 in             ; 0 H/in                 ; 0 F/in                 ; short        ; open          ; open            ; open  ; 0 V                 ; -                  ; n/a           ; n/a             ; n/a         ;
; ftdi_pwrsav  ; 3.3-V LVTTL  ; 0 in              ; 0 H/in                  ; 0 F/in                  ; short         ; -                   ; open           ; open             ; open   ; 0 in             ; 0 H/in                 ; 0 F/in                 ; short        ; open          ; open            ; open  ; 0 V                 ; -                  ; n/a           ; n/a             ; n/a         ;
; ftdi_siwu    ; 3.3-V LVTTL  ; 0 in              ; 0 H/in                  ; 0 F/in                  ; short         ; -                   ; open           ; open             ; open   ; 0 in             ; 0 H/in                 ; 0 F/in                 ; short        ; open          ; open            ; open  ; 0 V                 ; -                  ; n/a           ; n/a             ; n/a         ;
; ftdi_oe_n    ; 3.3-V LVTTL  ; 0 in              ; 0 H/in                  ; 0 F/in                  ; short         ; -                   ; open           ; open             ; open   ; 0 in             ; 0 H/in                 ; 0 F/in                 ; short        ; open          ; open            ; open  ; 0 V                 ; -                  ; n/a           ; n/a             ; n/a         ;
; ftdi_rd_n    ; 3.3-V LVTTL  ; 0 in              ; 0 H/in                  ; 0 F/in                  ; short         ; -                   ; open           ; open             ; open   ; 0 in             ; 0 H/in                 ; 0 F/in                 ; short        ; open          ; open            ; open  ; 0 V                 ; -                  ; n/a           ; n/a             ; n/a         ;
; ftdi_wr_n    ; 3.3-V LVTTL  ; 0 in              ; 0 H/in                  ; 0 F/in                  ; short         ; -                   ; open           ; open             ; open   ; 0 in             ; 0 H/in                 ; 0 F/in                 ; short        ; open          ; open            ; open  ; 0 V                 ; -                  ; n/a           ; n/a             ; n/a         ;
; ftdi_data[0] ; 3.3-V LVTTL  ; 0 in              ; 0 H/in                  ; 0 F/in                  ; short         ; -                   ; open           ; open             ; open   ; 0 in             ; 0 H/in                 ; 0 F/in                 ; short        ; open          ; open            ; open  ; 0 V                 ; -                  ; n/a           ; n/a             ; n/a         ;
; ftdi_data[1] ; 3.3-V LVTTL  ; 0 in              ; 0 H/in                  ; 0 F/in                  ; short         ; -                   ; open           ; open             ; open   ; 0 in             ; 0 H/in                 ; 0 F/in                 ; short        ; open          ; open            ; open  ; 0 V                 ; -                  ; n/a           ; n/a             ; n/a         ;
; ftdi_data[2] ; 3.3-V LVTTL  ; 0 in              ; 0 H/in                  ; 0 F/in                  ; short         ; -                   ; open           ; open             ; open   ; 0 in             ; 0 H/in                 ; 0 F/in                 ; short        ; open          ; open            ; open  ; 0 V                 ; -                  ; n/a           ; n/a             ; n/a         ;
; ftdi_data[3] ; 3.3-V LVTTL  ; 0 in              ; 0 H/in                  ; 0 F/in                  ; short         ; -                   ; open           ; open             ; open   ; 0 in             ; 0 H/in                 ; 0 F/in                 ; short        ; open          ; open            ; open  ; 0 V                 ; -                  ; n/a           ; n/a             ; n/a         ;
; ftdi_data[4] ; 3.3-V LVTTL  ; 0 in              ; 0 H/in                  ; 0 F/in                  ; short         ; -                   ; open           ; open             ; open   ; 0 in             ; 0 H/in                 ; 0 F/in                 ; short        ; open          ; open            ; open  ; 0 V                 ; -                  ; n/a           ; n/a             ; n/a         ;
; ftdi_data[5] ; 3.3-V LVTTL  ; 0 in              ; 0 H/in                  ; 0 F/in                  ; short         ; -                   ; open           ; open             ; open   ; 0 in             ; 0 H/in                 ; 0 F/in                 ; short        ; open          ; open            ; open  ; 0 V                 ; -                  ; n/a           ; n/a             ; n/a         ;
; ftdi_data[6] ; 3.3-V LVTTL  ; 0 in              ; 0 H/in                  ; 0 F/in                  ; short         ; -                   ; open           ; open             ; open   ; 0 in             ; 0 H/in                 ; 0 F/in                 ; short        ; open          ; open            ; open  ; 0 V                 ; -                  ; n/a           ; n/a             ; n/a         ;
; ftdi_data[7] ; 3.3-V LVTTL  ; 0 in              ; 0 H/in                  ; 0 F/in                  ; short         ; -                   ; open           ; open             ; open   ; 0 in             ; 0 H/in                 ; 0 F/in                 ; short        ; open          ; open            ; open  ; 0 V                 ; -                  ; n/a           ; n/a             ; n/a         ;
; ~ALTERA_TDO~ ; 2.5 V        ; 0 in              ; 0 H/in                  ; 0 F/in                  ; short         ; -                   ; open           ; open             ; open   ; 0 in             ; 0 H/in                 ; 0 F/in                 ; short        ; open          ; open            ; open  ; 0 V                 ; -                  ; n/a           ; n/a             ; n/a         ;
+--------------+--------------+-------------------+-------------------------+-------------------------+---------------+---------------------+----------------+------------------+--------+------------------+------------------------+------------------------+--------------+---------------+-----------------+-------+---------------------+--------------------+---------------+-----------------+-------------+


+---------------------------------------------------------------------------------+
; Input Transition Times                                                          ;
+---------------------+-----------------------+-----------------+-----------------+
; Pin                 ; I/O Standard          ; 10-90 Rise Time ; 90-10 Fall Time ;
+---------------------+-----------------------+-----------------+-----------------+
; ftdi_data[0]        ; 3.3-V LVTTL           ; 2640 ps         ; 2640 ps         ;
; ftdi_data[1]        ; 3.3-V LVTTL           ; 2640 ps         ; 2640 ps         ;
; ftdi_data[2]        ; 3.3-V LVTTL           ; 2640 ps         ; 2640 ps         ;
; ftdi_data[3]        ; 3.3-V LVTTL           ; 2640 ps         ; 2640 ps         ;
; ftdi_data[4]        ; 3.3-V LVTTL           ; 2640 ps         ; 2640 ps         ;
; ftdi_data[5]        ; 3.3-V LVTTL           ; 2640 ps         ; 2640 ps         ;
; ftdi_data[6]        ; 3.3-V LVTTL           ; 2640 ps         ; 2640 ps         ;
; ftdi_data[7]        ; 3.3-V LVTTL           ; 2640 ps         ; 2640 ps         ;
; clk                 ; 3.3-V LVTTL           ; 2640 ps         ; 2640 ps         ;
; ftdi_clk            ; 3.3-V LVTTL           ; 2640 ps         ; 2640 ps         ;
; ftdi_rxf_n          ; 3.3-V LVTTL           ; 2640 ps         ; 2640 ps         ;
; ftdi_txe_n          ; 3.3-V LVTTL           ; 2640 ps         ; 2640 ps         ;
; ahmed_data          ; 1.5 V                 ; 1200 ps         ; 1200 ps         ;
; ahmed_clk           ; 1.5 V                 ; 1200 ps         ; 1200 ps         ;
; ~ALTERA_TMS~        ; 2.5 V Schmitt Trigger ; 2000 ps         ; 2000 ps         ;
; ~ALTERA_TCK~        ; 2.5 V Schmitt Trigger ; 2000 ps         ; 2000 ps         ;
; ~ALTERA_TDI~        ; 2.5 V Schmitt Trigger ; 2000 ps         ; 2000 ps         ;
; ~ALTERA_CONFIG_SEL~ ; 3.3-V LVTTL           ; 2640 ps         ; 2640 ps         ;
; ~ALTERA_nCONFIG~    ; 3.3 V Schmitt Trigger ; 2640 ps         ; 2640 ps         ;
; ~ALTERA_nSTATUS~    ; 3.3 V Schmitt Trigger ; 2640 ps         ; 2640 ps         ;
; ~ALTERA_CONF_DONE~  ; 3.3 V Schmitt Trigger ; 2640 ps         ; 2640 ps         ;
+---------------------+-----------------------+-----------------+-----------------+


+-------------------------------------------------------------------------------------------------------------------------------------------------------------------------------------------------------------------------------------------------------------------------------------------------------------------------------------------------------------------------------------------------------------------------------------------------------------------------------------------------------------------------------------------------------------------------------------------------------------------------------------------------------------------------------------------+
; Signal Integrity Metrics (Slow 1200mv 0c Model)                                                                                                                                                                                                                                                                                                                                                                                                                                                                                                                                                                                                                                           ;
+--------------+--------------+---------------------+---------------------+------------------------------+------------------------------+---------------------+---------------------+--------------------------------------+--------------------------------------+-----------------------------+-----------------------------+----------------------------+----------------------------+-----------------------------+-----------------------------+--------------------+--------------------+-------------------------------------+-------------------------------------+----------------------------+----------------------------+---------------------------+---------------------------+
; Pin          ; I/O Standard ; Board Delay on Rise ; Board Delay on Fall ; Steady State Voh at FPGA Pin ; Steady State Vol at FPGA Pin ; Voh Max at FPGA Pin ; Vol Min at FPGA Pin ; Ringback Voltage on Rise at FPGA Pin ; Ringback Voltage on Fall at FPGA Pin ; 10-90 Rise Time at FPGA Pin ; 90-10 Fall Time at FPGA Pin ; Monotonic Rise at FPGA Pin ; Monotonic Fall at FPGA Pin ; Steady State Voh at Far-end ; Steady State Vol at Far-end ; Voh Max at Far-end ; Vol Min at Far-end ; Ringback Voltage on Rise at Far-end ; Ringback Voltage on Fall at Far-end ; 10-90 Rise Time at Far-end ; 90-10 Fall Time at Far-end ; Monotonic Rise at Far-end ; Monotonic Fall at Far-end ;
+--------------+--------------+---------------------+---------------------+------------------------------+------------------------------+---------------------+---------------------+--------------------------------------+--------------------------------------+-----------------------------+-----------------------------+----------------------------+----------------------------+-----------------------------+-----------------------------+--------------------+--------------------+-------------------------------------+-------------------------------------+----------------------------+----------------------------+---------------------------+---------------------------+
; LED[0]       ; 1.5 V        ; 0 s                 ; 0 s                 ; 1.37 V                       ; 2.46e-09 V                   ; 1.39 V              ; -0.00763 V          ; 0.038 V                              ; 0.027 V                              ; 4.92e-10 s                  ; 5.4e-10 s                   ; Yes                        ; Yes                        ; 1.37 V                      ; 2.46e-09 V                  ; 1.39 V             ; -0.00763 V         ; 0.038 V                             ; 0.027 V                             ; 4.92e-10 s                 ; 5.4e-10 s                  ; Yes                       ; Yes                       ;
; LED[1]       ; 1.5 V        ; 0 s                 ; 0 s                 ; 1.37 V                       ; 2.46e-09 V                   ; 1.39 V              ; -0.0077 V           ; 0.038 V                              ; 0.027 V                              ; 4.92e-10 s                  ; 5.41e-10 s                  ; Yes                        ; Yes                        ; 1.37 V                      ; 2.46e-09 V                  ; 1.39 V             ; -0.0077 V          ; 0.038 V                             ; 0.027 V                             ; 4.92e-10 s                 ; 5.41e-10 s                 ; Yes                       ; Yes                       ;
; LED[2]       ; 1.5 V        ; 0 s                 ; 0 s                 ; 1.37 V                       ; 2.46e-09 V                   ; 1.39 V              ; -0.00763 V          ; 0.038 V                              ; 0.027 V                              ; 4.92e-10 s                  ; 5.4e-10 s                   ; Yes                        ; Yes                        ; 1.37 V                      ; 2.46e-09 V                  ; 1.39 V             ; -0.00763 V         ; 0.038 V                             ; 0.027 V                             ; 4.92e-10 s                 ; 5.4e-10 s                  ; Yes                       ; Yes                       ;
; LED[3]       ; 1.5 V        ; 0 s                 ; 0 s                 ; 1.37 V                       ; 2.46e-09 V                   ; 1.39 V              ; -0.0077 V           ; 0.038 V                              ; 0.027 V                              ; 4.92e-10 s                  ; 5.41e-10 s                  ; Yes                        ; Yes                        ; 1.37 V                      ; 2.46e-09 V                  ; 1.39 V             ; -0.0077 V          ; 0.038 V                             ; 0.027 V                             ; 4.92e-10 s                 ; 5.41e-10 s                 ; Yes                       ; Yes                       ;
; ftdi_pwrsav  ; 3.3-V LVTTL  ; 0 s                 ; 0 s                 ; 3.08 V                       ; 2.08e-08 V                   ; 3.19 V              ; -0.126 V            ; 0.218 V                              ; 0.383 V                              ; 4.51e-10 s                  ; 4.73e-10 s                  ; No                         ; No                         ; 3.08 V                      ; 2.08e-08 V                  ; 3.19 V             ; -0.126 V           ; 0.218 V                             ; 0.383 V                             ; 4.51e-10 s                 ; 4.73e-10 s                 ; No                        ; No                        ;
; ftdi_siwu    ; 3.3-V LVTTL  ; 0 s                 ; 0 s                 ; 3.08 V                       ; 2.08e-08 V                   ; 3.19 V              ; -0.128 V            ; 0.216 V                              ; 0.383 V                              ; 4.51e-10 s                  ; 4.73e-10 s                  ; No                         ; No                         ; 3.08 V                      ; 2.08e-08 V                  ; 3.19 V             ; -0.128 V           ; 0.216 V                             ; 0.383 V                             ; 4.51e-10 s                 ; 4.73e-10 s                 ; No                        ; No                        ;
; ftdi_oe_n    ; 3.3-V LVTTL  ; 0 s                 ; 0 s                 ; 3.08 V                       ; 2.08e-08 V                   ; 3.19 V              ; -0.128 V            ; 0.216 V                              ; 0.383 V                              ; 4.51e-10 s                  ; 4.73e-10 s                  ; No                         ; No                         ; 3.08 V                      ; 2.08e-08 V                  ; 3.19 V             ; -0.128 V           ; 0.216 V                             ; 0.383 V                             ; 4.51e-10 s                 ; 4.73e-10 s                 ; No                        ; No                        ;
; ftdi_rd_n    ; 3.3-V LVTTL  ; 0 s                 ; 0 s                 ; 3.08 V                       ; 2.08e-08 V                   ; 3.19 V              ; -0.126 V            ; 0.218 V                              ; 0.383 V                              ; 4.51e-10 s                  ; 4.73e-10 s                  ; No                         ; No                         ; 3.08 V                      ; 2.08e-08 V                  ; 3.19 V             ; -0.126 V           ; 0.218 V                             ; 0.383 V                             ; 4.51e-10 s                 ; 4.73e-10 s                 ; No                        ; No                        ;
; ftdi_wr_n    ; 3.3-V LVTTL  ; 0 s                 ; 0 s                 ; 3.08 V                       ; 2.08e-08 V                   ; 3.19 V              ; -0.126 V            ; 0.218 V                              ; 0.383 V                              ; 4.51e-10 s                  ; 4.73e-10 s                  ; No                         ; No                         ; 3.08 V                      ; 2.08e-08 V                  ; 3.19 V             ; -0.126 V           ; 0.218 V                             ; 0.383 V                             ; 4.51e-10 s                 ; 4.73e-10 s                 ; No                        ; No                        ;
; ftdi_data[0] ; 3.3-V LVTTL  ; 0 s                 ; 0 s                 ; 3.08 V                       ; 2.08e-08 V                   ; 3.19 V              ; -0.126 V            ; 0.218 V                              ; 0.383 V                              ; 4.51e-10 s                  ; 4.73e-10 s                  ; No                         ; No                         ; 3.08 V                      ; 2.08e-08 V                  ; 3.19 V             ; -0.126 V           ; 0.218 V                             ; 0.383 V                             ; 4.51e-10 s                 ; 4.73e-10 s                 ; No                        ; No                        ;
; ftdi_data[1] ; 3.3-V LVTTL  ; 0 s                 ; 0 s                 ; 3.08 V                       ; 2.08e-08 V                   ; 3.19 V              ; -0.126 V            ; 0.218 V                              ; 0.383 V                              ; 4.51e-10 s                  ; 4.73e-10 s                  ; No                         ; No                         ; 3.08 V                      ; 2.08e-08 V                  ; 3.19 V             ; -0.126 V           ; 0.218 V                             ; 0.383 V                             ; 4.51e-10 s                 ; 4.73e-10 s                 ; No                        ; No                        ;
; ftdi_data[2] ; 3.3-V LVTTL  ; 0 s                 ; 0 s                 ; 3.08 V                       ; 2.08e-08 V                   ; 3.19 V              ; -0.128 V            ; 0.216 V                              ; 0.383 V                              ; 4.51e-10 s                  ; 4.73e-10 s                  ; No                         ; No                         ; 3.08 V                      ; 2.08e-08 V                  ; 3.19 V             ; -0.128 V           ; 0.216 V                             ; 0.383 V                             ; 4.51e-10 s                 ; 4.73e-10 s                 ; No                        ; No                        ;
; ftdi_data[3] ; 3.3-V LVTTL  ; 0 s                 ; 0 s                 ; 3.08 V                       ; 2.08e-08 V                   ; 3.19 V              ; -0.126 V            ; 0.218 V                              ; 0.383 V                              ; 4.51e-10 s                  ; 4.73e-10 s                  ; No                         ; No                         ; 3.08 V                      ; 2.08e-08 V                  ; 3.19 V             ; -0.126 V           ; 0.218 V                             ; 0.383 V                             ; 4.51e-10 s                 ; 4.73e-10 s                 ; No                        ; No                        ;
; ftdi_data[4] ; 3.3-V LVTTL  ; 0 s                 ; 0 s                 ; 3.08 V                       ; 2.08e-08 V                   ; 3.19 V              ; -0.126 V            ; 0.218 V                              ; 0.383 V                              ; 4.51e-10 s                  ; 4.73e-10 s                  ; No                         ; No                         ; 3.08 V                      ; 2.08e-08 V                  ; 3.19 V             ; -0.126 V           ; 0.218 V                             ; 0.383 V                             ; 4.51e-10 s                 ; 4.73e-10 s                 ; No                        ; No                        ;
; ftdi_data[5] ; 3.3-V LVTTL  ; 0 s                 ; 0 s                 ; 3.08 V                       ; 2.08e-08 V                   ; 3.19 V              ; -0.128 V            ; 0.216 V                              ; 0.383 V                              ; 4.51e-10 s                  ; 4.73e-10 s                  ; No                         ; No                         ; 3.08 V                      ; 2.08e-08 V                  ; 3.19 V             ; -0.128 V           ; 0.216 V                             ; 0.383 V                             ; 4.51e-10 s                 ; 4.73e-10 s                 ; No                        ; No                        ;
; ftdi_data[6] ; 3.3-V LVTTL  ; 0 s                 ; 0 s                 ; 3.08 V                       ; 2.08e-08 V                   ; 3.19 V              ; -0.128 V            ; 0.216 V                              ; 0.383 V                              ; 4.51e-10 s                  ; 4.73e-10 s                  ; No                         ; No                         ; 3.08 V                      ; 2.08e-08 V                  ; 3.19 V             ; -0.128 V           ; 0.216 V                             ; 0.383 V                             ; 4.51e-10 s                 ; 4.73e-10 s                 ; No                        ; No                        ;
; ftdi_data[7] ; 3.3-V LVTTL  ; 0 s                 ; 0 s                 ; 3.08 V                       ; 2.08e-08 V                   ; 3.19 V              ; -0.126 V            ; 0.218 V                              ; 0.383 V                              ; 4.51e-10 s                  ; 4.73e-10 s                  ; No                         ; No                         ; 3.08 V                      ; 2.08e-08 V                  ; 3.19 V             ; -0.126 V           ; 0.218 V                             ; 0.383 V                             ; 4.51e-10 s                 ; 4.73e-10 s                 ; No                        ; No                        ;
; ~ALTERA_TDO~ ; 2.5 V        ; 0 s                 ; 0 s                 ; 2.32 V                       ; 7.49e-09 V                   ; 2.38 V              ; -0.0505 V           ; 0.23 V                               ; 0.155 V                              ; 4.84e-10 s                  ; 6.18e-10 s                  ; Yes                        ; No                         ; 2.32 V                      ; 7.49e-09 V                  ; 2.38 V             ; -0.0505 V          ; 0.23 V                              ; 0.155 V                             ; 4.84e-10 s                 ; 6.18e-10 s                 ; Yes                       ; No                        ;
+--------------+--------------+---------------------+---------------------+------------------------------+------------------------------+---------------------+---------------------+--------------------------------------+--------------------------------------+-----------------------------+-----------------------------+----------------------------+----------------------------+-----------------------------+-----------------------------+--------------------+--------------------+-------------------------------------+-------------------------------------+----------------------------+----------------------------+---------------------------+---------------------------+


+-------------------------------------------------------------------------------------------------------------------------------------------------------------------------------------------------------------------------------------------------------------------------------------------------------------------------------------------------------------------------------------------------------------------------------------------------------------------------------------------------------------------------------------------------------------------------------------------------------------------------------------------------------------------------------------------+
; Signal Integrity Metrics (Slow 1200mv 85c Model)                                                                                                                                                                                                                                                                                                                                                                                                                                                                                                                                                                                                                                          ;
+--------------+--------------+---------------------+---------------------+------------------------------+------------------------------+---------------------+---------------------+--------------------------------------+--------------------------------------+-----------------------------+-----------------------------+----------------------------+----------------------------+-----------------------------+-----------------------------+--------------------+--------------------+-------------------------------------+-------------------------------------+----------------------------+----------------------------+---------------------------+---------------------------+
; Pin          ; I/O Standard ; Board Delay on Rise ; Board Delay on Fall ; Steady State Voh at FPGA Pin ; Steady State Vol at FPGA Pin ; Voh Max at FPGA Pin ; Vol Min at FPGA Pin ; Ringback Voltage on Rise at FPGA Pin ; Ringback Voltage on Fall at FPGA Pin ; 10-90 Rise Time at FPGA Pin ; 90-10 Fall Time at FPGA Pin ; Monotonic Rise at FPGA Pin ; Monotonic Fall at FPGA Pin ; Steady State Voh at Far-end ; Steady State Vol at Far-end ; Voh Max at Far-end ; Vol Min at Far-end ; Ringback Voltage on Rise at Far-end ; Ringback Voltage on Fall at Far-end ; 10-90 Rise Time at Far-end ; 90-10 Fall Time at Far-end ; Monotonic Rise at Far-end ; Monotonic Fall at Far-end ;
+--------------+--------------+---------------------+---------------------+------------------------------+------------------------------+---------------------+---------------------+--------------------------------------+--------------------------------------+-----------------------------+-----------------------------+----------------------------+----------------------------+-----------------------------+-----------------------------+--------------------+--------------------+-------------------------------------+-------------------------------------+----------------------------+----------------------------+---------------------------+---------------------------+
; LED[0]       ; 1.5 V        ; 0 s                 ; 0 s                 ; 1.37 V                       ; 2.43e-07 V                   ; 1.38 V              ; -0.00298 V          ; 0.023 V                              ; 0.007 V                              ; 6.21e-10 s                  ; 6.42e-10 s                  ; Yes                        ; Yes                        ; 1.37 V                      ; 2.43e-07 V                  ; 1.38 V             ; -0.00298 V         ; 0.023 V                             ; 0.007 V                             ; 6.21e-10 s                 ; 6.42e-10 s                 ; Yes                       ; Yes                       ;
; LED[1]       ; 1.5 V        ; 0 s                 ; 0 s                 ; 1.37 V                       ; 2.43e-07 V                   ; 1.38 V              ; -0.00311 V          ; 0.022 V                              ; 0.007 V                              ; 6.21e-10 s                  ; 6.42e-10 s                  ; Yes                        ; Yes                        ; 1.37 V                      ; 2.43e-07 V                  ; 1.38 V             ; -0.00311 V         ; 0.022 V                             ; 0.007 V                             ; 6.21e-10 s                 ; 6.42e-10 s                 ; Yes                       ; Yes                       ;
; LED[2]       ; 1.5 V        ; 0 s                 ; 0 s                 ; 1.37 V                       ; 2.43e-07 V                   ; 1.38 V              ; -0.00298 V          ; 0.023 V                              ; 0.007 V                              ; 6.21e-10 s                  ; 6.42e-10 s                  ; Yes                        ; Yes                        ; 1.37 V                      ; 2.43e-07 V                  ; 1.38 V             ; -0.00298 V         ; 0.023 V                             ; 0.007 V                             ; 6.21e-10 s                 ; 6.42e-10 s                 ; Yes                       ; Yes                       ;
; LED[3]       ; 1.5 V        ; 0 s                 ; 0 s                 ; 1.37 V                       ; 2.43e-07 V                   ; 1.38 V              ; -0.00311 V          ; 0.022 V                              ; 0.007 V                              ; 6.21e-10 s                  ; 6.42e-10 s                  ; Yes                        ; Yes                        ; 1.37 V                      ; 2.43e-07 V                  ; 1.38 V             ; -0.00311 V         ; 0.022 V                             ; 0.007 V                             ; 6.21e-10 s                 ; 6.42e-10 s                 ; Yes                       ; Yes                       ;
; ftdi_pwrsav  ; 3.3-V LVTTL  ; 0 s                 ; 0 s                 ; 3.08 V                       ; 1.3e-06 V                    ; 3.15 V              ; -0.0682 V           ; 0.279 V                              ; 0.237 V                              ; 4.81e-10 s                  ; 6.4e-10 s                   ; Yes                        ; No                         ; 3.08 V                      ; 1.3e-06 V                   ; 3.15 V             ; -0.0682 V          ; 0.279 V                             ; 0.237 V                             ; 4.81e-10 s                 ; 6.4e-10 s                  ; Yes                       ; No                        ;
; ftdi_siwu    ; 3.3-V LVTTL  ; 0 s                 ; 0 s                 ; 3.08 V                       ; 1.3e-06 V                    ; 3.15 V              ; -0.0684 V           ; 0.28 V                               ; 0.237 V                              ; 4.81e-10 s                  ; 6.4e-10 s                   ; Yes                        ; No                         ; 3.08 V                      ; 1.3e-06 V                   ; 3.15 V             ; -0.0684 V          ; 0.28 V                              ; 0.237 V                             ; 4.81e-10 s                 ; 6.4e-10 s                  ; Yes                       ; No                        ;
; ftdi_oe_n    ; 3.3-V LVTTL  ; 0 s                 ; 0 s                 ; 3.08 V                       ; 1.3e-06 V                    ; 3.15 V              ; -0.0684 V           ; 0.28 V                               ; 0.237 V                              ; 4.81e-10 s                  ; 6.4e-10 s                   ; Yes                        ; No                         ; 3.08 V                      ; 1.3e-06 V                   ; 3.15 V             ; -0.0684 V          ; 0.28 V                              ; 0.237 V                             ; 4.81e-10 s                 ; 6.4e-10 s                  ; Yes                       ; No                        ;
; ftdi_rd_n    ; 3.3-V LVTTL  ; 0 s                 ; 0 s                 ; 3.08 V                       ; 1.3e-06 V                    ; 3.15 V              ; -0.0682 V           ; 0.279 V                              ; 0.237 V                              ; 4.81e-10 s                  ; 6.4e-10 s                   ; Yes                        ; No                         ; 3.08 V                      ; 1.3e-06 V                   ; 3.15 V             ; -0.0682 V          ; 0.279 V                             ; 0.237 V                             ; 4.81e-10 s                 ; 6.4e-10 s                  ; Yes                       ; No                        ;
; ftdi_wr_n    ; 3.3-V LVTTL  ; 0 s                 ; 0 s                 ; 3.08 V                       ; 1.3e-06 V                    ; 3.15 V              ; -0.0682 V           ; 0.279 V                              ; 0.237 V                              ; 4.81e-10 s                  ; 6.4e-10 s                   ; Yes                        ; No                         ; 3.08 V                      ; 1.3e-06 V                   ; 3.15 V             ; -0.0682 V          ; 0.279 V                             ; 0.237 V                             ; 4.81e-10 s                 ; 6.4e-10 s                  ; Yes                       ; No                        ;
; ftdi_data[0] ; 3.3-V LVTTL  ; 0 s                 ; 0 s                 ; 3.08 V                       ; 1.3e-06 V                    ; 3.15 V              ; -0.0682 V           ; 0.279 V                              ; 0.237 V                              ; 4.81e-10 s                  ; 6.4e-10 s                   ; Yes                        ; No                         ; 3.08 V                      ; 1.3e-06 V                   ; 3.15 V             ; -0.0682 V          ; 0.279 V                             ; 0.237 V                             ; 4.81e-10 s                 ; 6.4e-10 s                  ; Yes                       ; No                        ;
; ftdi_data[1] ; 3.3-V LVTTL  ; 0 s                 ; 0 s                 ; 3.08 V                       ; 1.3e-06 V                    ; 3.15 V              ; -0.0682 V           ; 0.279 V                              ; 0.237 V                              ; 4.81e-10 s                  ; 6.4e-10 s                   ; Yes                        ; No                         ; 3.08 V                      ; 1.3e-06 V                   ; 3.15 V             ; -0.0682 V          ; 0.279 V                             ; 0.237 V                             ; 4.81e-10 s                 ; 6.4e-10 s                  ; Yes                       ; No                        ;
; ftdi_data[2] ; 3.3-V LVTTL  ; 0 s                 ; 0 s                 ; 3.08 V                       ; 1.3e-06 V                    ; 3.15 V              ; -0.0684 V           ; 0.28 V                               ; 0.237 V                              ; 4.81e-10 s                  ; 6.4e-10 s                   ; Yes                        ; No                         ; 3.08 V                      ; 1.3e-06 V                   ; 3.15 V             ; -0.0684 V          ; 0.28 V                              ; 0.237 V                             ; 4.81e-10 s                 ; 6.4e-10 s                  ; Yes                       ; No                        ;
; ftdi_data[3] ; 3.3-V LVTTL  ; 0 s                 ; 0 s                 ; 3.08 V                       ; 1.3e-06 V                    ; 3.15 V              ; -0.0682 V           ; 0.279 V                              ; 0.237 V                              ; 4.81e-10 s                  ; 6.4e-10 s                   ; Yes                        ; No                         ; 3.08 V                      ; 1.3e-06 V                   ; 3.15 V             ; -0.0682 V          ; 0.279 V                             ; 0.237 V                             ; 4.81e-10 s                 ; 6.4e-10 s                  ; Yes                       ; No                        ;
; ftdi_data[4] ; 3.3-V LVTTL  ; 0 s                 ; 0 s                 ; 3.08 V                       ; 1.3e-06 V                    ; 3.15 V              ; -0.0682 V           ; 0.279 V                              ; 0.237 V                              ; 4.81e-10 s                  ; 6.4e-10 s                   ; Yes                        ; No                         ; 3.08 V                      ; 1.3e-06 V                   ; 3.15 V             ; -0.0682 V          ; 0.279 V                             ; 0.237 V                             ; 4.81e-10 s                 ; 6.4e-10 s                  ; Yes                       ; No                        ;
; ftdi_data[5] ; 3.3-V LVTTL  ; 0 s                 ; 0 s                 ; 3.08 V                       ; 1.3e-06 V                    ; 3.15 V              ; -0.0684 V           ; 0.28 V                               ; 0.237 V                              ; 4.81e-10 s                  ; 6.4e-10 s                   ; Yes                        ; No                         ; 3.08 V                      ; 1.3e-06 V                   ; 3.15 V             ; -0.0684 V          ; 0.28 V                              ; 0.237 V                             ; 4.81e-10 s                 ; 6.4e-10 s                  ; Yes                       ; No                        ;
; ftdi_data[6] ; 3.3-V LVTTL  ; 0 s                 ; 0 s                 ; 3.08 V                       ; 1.3e-06 V                    ; 3.15 V              ; -0.0684 V           ; 0.28 V                               ; 0.237 V                              ; 4.81e-10 s                  ; 6.4e-10 s                   ; Yes                        ; No                         ; 3.08 V                      ; 1.3e-06 V                   ; 3.15 V             ; -0.0684 V          ; 0.28 V                              ; 0.237 V                             ; 4.81e-10 s                 ; 6.4e-10 s                  ; Yes                       ; No                        ;
; ftdi_data[7] ; 3.3-V LVTTL  ; 0 s                 ; 0 s                 ; 3.08 V                       ; 1.3e-06 V                    ; 3.15 V              ; -0.0682 V           ; 0.279 V                              ; 0.237 V                              ; 4.81e-10 s                  ; 6.4e-10 s                   ; Yes                        ; No                         ; 3.08 V                      ; 1.3e-06 V                   ; 3.15 V             ; -0.0682 V          ; 0.279 V                             ; 0.237 V                             ; 4.81e-10 s                 ; 6.4e-10 s                  ; Yes                       ; No                        ;
; ~ALTERA_TDO~ ; 2.5 V        ; 0 s                 ; 0 s                 ; 2.32 V                       ; 7.88e-07 V                   ; 2.36 V              ; -0.0211 V           ; 0.162 V                              ; 0.122 V                              ; 6.58e-10 s                  ; 7.79e-10 s                  ; No                         ; Yes                        ; 2.32 V                      ; 7.88e-07 V                  ; 2.36 V             ; -0.0211 V          ; 0.162 V                             ; 0.122 V                             ; 6.58e-10 s                 ; 7.79e-10 s                 ; No                        ; Yes                       ;
+--------------+--------------+---------------------+---------------------+------------------------------+------------------------------+---------------------+---------------------+--------------------------------------+--------------------------------------+-----------------------------+-----------------------------+----------------------------+----------------------------+-----------------------------+-----------------------------+--------------------+--------------------+-------------------------------------+-------------------------------------+----------------------------+----------------------------+---------------------------+---------------------------+


+-------------------------------------------------------------------------------------------------------------------------------------------------------------------------------------------------------------------------------------------------------------------------------------------------------------------------------------------------------------------------------------------------------------------------------------------------------------------------------------------------------------------------------------------------------------------------------------------------------------------------------------------------------------------------------------------+
; Signal Integrity Metrics (Fast 1200mv 0c Model)                                                                                                                                                                                                                                                                                                                                                                                                                                                                                                                                                                                                                                           ;
+--------------+--------------+---------------------+---------------------+------------------------------+------------------------------+---------------------+---------------------+--------------------------------------+--------------------------------------+-----------------------------+-----------------------------+----------------------------+----------------------------+-----------------------------+-----------------------------+--------------------+--------------------+-------------------------------------+-------------------------------------+----------------------------+----------------------------+---------------------------+---------------------------+
; Pin          ; I/O Standard ; Board Delay on Rise ; Board Delay on Fall ; Steady State Voh at FPGA Pin ; Steady State Vol at FPGA Pin ; Voh Max at FPGA Pin ; Vol Min at FPGA Pin ; Ringback Voltage on Rise at FPGA Pin ; Ringback Voltage on Fall at FPGA Pin ; 10-90 Rise Time at FPGA Pin ; 90-10 Fall Time at FPGA Pin ; Monotonic Rise at FPGA Pin ; Monotonic Fall at FPGA Pin ; Steady State Voh at Far-end ; Steady State Vol at Far-end ; Voh Max at Far-end ; Vol Min at Far-end ; Ringback Voltage on Rise at Far-end ; Ringback Voltage on Fall at Far-end ; 10-90 Rise Time at Far-end ; 90-10 Fall Time at Far-end ; Monotonic Rise at Far-end ; Monotonic Fall at Far-end ;
+--------------+--------------+---------------------+---------------------+------------------------------+------------------------------+---------------------+---------------------+--------------------------------------+--------------------------------------+-----------------------------+-----------------------------+----------------------------+----------------------------+-----------------------------+-----------------------------+--------------------+--------------------+-------------------------------------+-------------------------------------+----------------------------+----------------------------+---------------------------+---------------------------+
; LED[0]       ; 1.5 V        ; 0 s                 ; 0 s                 ; 1.57 V                       ; 2.35e-08 V                   ; 1.63 V              ; -0.0475 V           ; 0.117 V                              ; 0.092 V                              ; 2.7e-10 s                   ; 2.7e-10 s                   ; Yes                        ; Yes                        ; 1.57 V                      ; 2.35e-08 V                  ; 1.63 V             ; -0.0475 V          ; 0.117 V                             ; 0.092 V                             ; 2.7e-10 s                  ; 2.7e-10 s                  ; Yes                       ; Yes                       ;
; LED[1]       ; 1.5 V        ; 0 s                 ; 0 s                 ; 1.57 V                       ; 2.34e-08 V                   ; 1.63 V              ; -0.0474 V           ; 0.117 V                              ; 0.092 V                              ; 2.7e-10 s                   ; 2.7e-10 s                   ; Yes                        ; Yes                        ; 1.57 V                      ; 2.34e-08 V                  ; 1.63 V             ; -0.0474 V          ; 0.117 V                             ; 0.092 V                             ; 2.7e-10 s                  ; 2.7e-10 s                  ; Yes                       ; Yes                       ;
; LED[2]       ; 1.5 V        ; 0 s                 ; 0 s                 ; 1.57 V                       ; 2.35e-08 V                   ; 1.63 V              ; -0.0475 V           ; 0.117 V                              ; 0.092 V                              ; 2.7e-10 s                   ; 2.7e-10 s                   ; Yes                        ; Yes                        ; 1.57 V                      ; 2.35e-08 V                  ; 1.63 V             ; -0.0475 V          ; 0.117 V                             ; 0.092 V                             ; 2.7e-10 s                  ; 2.7e-10 s                  ; Yes                       ; Yes                       ;
; LED[3]       ; 1.5 V        ; 0 s                 ; 0 s                 ; 1.57 V                       ; 2.34e-08 V                   ; 1.63 V              ; -0.0474 V           ; 0.117 V                              ; 0.092 V                              ; 2.7e-10 s                   ; 2.7e-10 s                   ; Yes                        ; Yes                        ; 1.57 V                      ; 2.34e-08 V                  ; 1.63 V             ; -0.0474 V          ; 0.117 V                             ; 0.092 V                             ; 2.7e-10 s                  ; 2.7e-10 s                  ; Yes                       ; Yes                       ;
; ftdi_pwrsav  ; 3.3-V LVTTL  ; 0 s                 ; 0 s                 ; 3.46 V                       ; 5.04e-07 V                   ; 3.64 V              ; -0.0201 V           ; 0.391 V                              ; 0.088 V                              ; 2.79e-10 s                  ; 3.95e-10 s                  ; No                         ; Yes                        ; 3.46 V                      ; 5.04e-07 V                  ; 3.64 V             ; -0.0201 V          ; 0.391 V                             ; 0.088 V                             ; 2.79e-10 s                 ; 3.95e-10 s                 ; No                        ; Yes                       ;
; ftdi_siwu    ; 3.3-V LVTTL  ; 0 s                 ; 0 s                 ; 3.46 V                       ; 5.04e-07 V                   ; 3.65 V              ; -0.0209 V           ; 0.391 V                              ; 0.09 V                               ; 2.79e-10 s                  ; 3.95e-10 s                  ; No                         ; Yes                        ; 3.46 V                      ; 5.04e-07 V                  ; 3.65 V             ; -0.0209 V          ; 0.391 V                             ; 0.09 V                              ; 2.79e-10 s                 ; 3.95e-10 s                 ; No                        ; Yes                       ;
; ftdi_oe_n    ; 3.3-V LVTTL  ; 0 s                 ; 0 s                 ; 3.46 V                       ; 5.04e-07 V                   ; 3.65 V              ; -0.0209 V           ; 0.391 V                              ; 0.09 V                               ; 2.79e-10 s                  ; 3.95e-10 s                  ; No                         ; Yes                        ; 3.46 V                      ; 5.04e-07 V                  ; 3.65 V             ; -0.0209 V          ; 0.391 V                             ; 0.09 V                              ; 2.79e-10 s                 ; 3.95e-10 s                 ; No                        ; Yes                       ;
; ftdi_rd_n    ; 3.3-V LVTTL  ; 0 s                 ; 0 s                 ; 3.46 V                       ; 5.04e-07 V                   ; 3.64 V              ; -0.0201 V           ; 0.391 V                              ; 0.088 V                              ; 2.79e-10 s                  ; 3.95e-10 s                  ; No                         ; Yes                        ; 3.46 V                      ; 5.04e-07 V                  ; 3.64 V             ; -0.0201 V          ; 0.391 V                             ; 0.088 V                             ; 2.79e-10 s                 ; 3.95e-10 s                 ; No                        ; Yes                       ;
; ftdi_wr_n    ; 3.3-V LVTTL  ; 0 s                 ; 0 s                 ; 3.46 V                       ; 5.04e-07 V                   ; 3.64 V              ; -0.0201 V           ; 0.391 V                              ; 0.088 V                              ; 2.79e-10 s                  ; 3.95e-10 s                  ; No                         ; Yes                        ; 3.46 V                      ; 5.04e-07 V                  ; 3.64 V             ; -0.0201 V          ; 0.391 V                             ; 0.088 V                             ; 2.79e-10 s                 ; 3.95e-10 s                 ; No                        ; Yes                       ;
; ftdi_data[0] ; 3.3-V LVTTL  ; 0 s                 ; 0 s                 ; 3.46 V                       ; 5.04e-07 V                   ; 3.64 V              ; -0.0201 V           ; 0.391 V                              ; 0.088 V                              ; 2.79e-10 s                  ; 3.95e-10 s                  ; No                         ; Yes                        ; 3.46 V                      ; 5.04e-07 V                  ; 3.64 V             ; -0.0201 V          ; 0.391 V                             ; 0.088 V                             ; 2.79e-10 s                 ; 3.95e-10 s                 ; No                        ; Yes                       ;
; ftdi_data[1] ; 3.3-V LVTTL  ; 0 s                 ; 0 s                 ; 3.46 V                       ; 5.04e-07 V                   ; 3.64 V              ; -0.0201 V           ; 0.391 V                              ; 0.088 V                              ; 2.79e-10 s                  ; 3.95e-10 s                  ; No                         ; Yes                        ; 3.46 V                      ; 5.04e-07 V                  ; 3.64 V             ; -0.0201 V          ; 0.391 V                             ; 0.088 V                             ; 2.79e-10 s                 ; 3.95e-10 s                 ; No                        ; Yes                       ;
; ftdi_data[2] ; 3.3-V LVTTL  ; 0 s                 ; 0 s                 ; 3.46 V                       ; 5.04e-07 V                   ; 3.65 V              ; -0.0209 V           ; 0.391 V                              ; 0.09 V                               ; 2.79e-10 s                  ; 3.95e-10 s                  ; No                         ; Yes                        ; 3.46 V                      ; 5.04e-07 V                  ; 3.65 V             ; -0.0209 V          ; 0.391 V                             ; 0.09 V                              ; 2.79e-10 s                 ; 3.95e-10 s                 ; No                        ; Yes                       ;
; ftdi_data[3] ; 3.3-V LVTTL  ; 0 s                 ; 0 s                 ; 3.46 V                       ; 5.04e-07 V                   ; 3.64 V              ; -0.0201 V           ; 0.391 V                              ; 0.088 V                              ; 2.79e-10 s                  ; 3.95e-10 s                  ; No                         ; Yes                        ; 3.46 V                      ; 5.04e-07 V                  ; 3.64 V             ; -0.0201 V          ; 0.391 V                             ; 0.088 V                             ; 2.79e-10 s                 ; 3.95e-10 s                 ; No                        ; Yes                       ;
; ftdi_data[4] ; 3.3-V LVTTL  ; 0 s                 ; 0 s                 ; 3.46 V                       ; 5.04e-07 V                   ; 3.64 V              ; -0.0201 V           ; 0.391 V                              ; 0.088 V                              ; 2.79e-10 s                  ; 3.95e-10 s                  ; No                         ; Yes                        ; 3.46 V                      ; 5.04e-07 V                  ; 3.64 V             ; -0.0201 V          ; 0.391 V                             ; 0.088 V                             ; 2.79e-10 s                 ; 3.95e-10 s                 ; No                        ; Yes                       ;
; ftdi_data[5] ; 3.3-V LVTTL  ; 0 s                 ; 0 s                 ; 3.46 V                       ; 5.04e-07 V                   ; 3.65 V              ; -0.0209 V           ; 0.391 V                              ; 0.09 V                               ; 2.79e-10 s                  ; 3.95e-10 s                  ; No                         ; Yes                        ; 3.46 V                      ; 5.04e-07 V                  ; 3.65 V             ; -0.0209 V          ; 0.391 V                             ; 0.09 V                              ; 2.79e-10 s                 ; 3.95e-10 s                 ; No                        ; Yes                       ;
; ftdi_data[6] ; 3.3-V LVTTL  ; 0 s                 ; 0 s                 ; 3.46 V                       ; 5.04e-07 V                   ; 3.65 V              ; -0.0209 V           ; 0.391 V                              ; 0.09 V                               ; 2.79e-10 s                  ; 3.95e-10 s                  ; No                         ; Yes                        ; 3.46 V                      ; 5.04e-07 V                  ; 3.65 V             ; -0.0209 V          ; 0.391 V                             ; 0.09 V                              ; 2.79e-10 s                 ; 3.95e-10 s                 ; No                        ; Yes                       ;
; ftdi_data[7] ; 3.3-V LVTTL  ; 0 s                 ; 0 s                 ; 3.46 V                       ; 5.04e-07 V                   ; 3.64 V              ; -0.0201 V           ; 0.391 V                              ; 0.088 V                              ; 2.79e-10 s                  ; 3.95e-10 s                  ; No                         ; Yes                        ; 3.46 V                      ; 5.04e-07 V                  ; 3.64 V             ; -0.0201 V          ; 0.391 V                             ; 0.088 V                             ; 2.79e-10 s                 ; 3.95e-10 s                 ; No                        ; Yes                       ;
; ~ALTERA_TDO~ ; 2.5 V        ; 0 s                 ; 0 s                 ; 2.62 V                       ; 1.68e-07 V                   ; 2.73 V              ; -0.0395 V           ; 0.361 V                              ; 0.109 V                              ; 3.1e-10 s                   ; 4.41e-10 s                  ; No                         ; Yes                        ; 2.62 V                      ; 1.68e-07 V                  ; 2.73 V             ; -0.0395 V          ; 0.361 V                             ; 0.109 V                             ; 3.1e-10 s                  ; 4.41e-10 s                 ; No                        ; Yes                       ;
+--------------+--------------+---------------------+---------------------+------------------------------+------------------------------+---------------------+---------------------+--------------------------------------+--------------------------------------+-----------------------------+-----------------------------+----------------------------+----------------------------+-----------------------------+-----------------------------+--------------------+--------------------+-------------------------------------+-------------------------------------+----------------------------+----------------------------+---------------------------+---------------------------+


+---------------------------------------------------------------------+
; Setup Transfers                                                     ;
+------------+----------+------------+----------+----------+----------+
; From Clock ; To Clock ; RR Paths   ; FR Paths ; RF Paths ; FF Paths ;
+------------+----------+------------+----------+----------+----------+
; clk        ; clk      ; 16345      ; 0        ; 0        ; 0        ;
; ftdi_clk   ; clk      ; false path ; 0        ; 0        ; 0        ;
; clk        ; ftdi_clk ; false path ; 0        ; 0        ; 0        ;
; ftdi_clk   ; ftdi_clk ; 13188      ; 0        ; 0        ; 0        ;
+------------+----------+------------+----------+----------+----------+
Entries labeled "false path" only account for clock-to-clock false paths and not path-based false paths. As a result, actual path counts may be lower than reported.


+---------------------------------------------------------------------+
; Hold Transfers                                                      ;
+------------+----------+------------+----------+----------+----------+
; From Clock ; To Clock ; RR Paths   ; FR Paths ; RF Paths ; FF Paths ;
+------------+----------+------------+----------+----------+----------+
; clk        ; clk      ; 16345      ; 0        ; 0        ; 0        ;
; ftdi_clk   ; clk      ; false path ; 0        ; 0        ; 0        ;
; clk        ; ftdi_clk ; false path ; 0        ; 0        ; 0        ;
; ftdi_clk   ; ftdi_clk ; 13188      ; 0        ; 0        ; 0        ;
+------------+----------+------------+----------+----------+----------+
Entries labeled "false path" only account for clock-to-clock false paths and not path-based false paths. As a result, actual path counts may be lower than reported.


+-------------------------------------------------------------------+
; Recovery Transfers                                                ;
+------------+----------+----------+----------+----------+----------+
; From Clock ; To Clock ; RR Paths ; FR Paths ; RF Paths ; FF Paths ;
+------------+----------+----------+----------+----------+----------+
; clk        ; clk      ; 204      ; 0        ; 0        ; 0        ;
; ftdi_clk   ; ftdi_clk ; 336      ; 0        ; 0        ; 0        ;
+------------+----------+----------+----------+----------+----------+
Entries labeled "false path" only account for clock-to-clock false paths and not path-based false paths. As a result, actual path counts may be lower than reported.


+-------------------------------------------------------------------+
; Removal Transfers                                                 ;
+------------+----------+----------+----------+----------+----------+
; From Clock ; To Clock ; RR Paths ; FR Paths ; RF Paths ; FF Paths ;
+------------+----------+----------+----------+----------+----------+
; clk        ; clk      ; 204      ; 0        ; 0        ; 0        ;
; ftdi_clk   ; ftdi_clk ; 336      ; 0        ; 0        ; 0        ;
+------------+----------+----------+----------+----------+----------+
Entries labeled "false path" only account for clock-to-clock false paths and not path-based false paths. As a result, actual path counts may be lower than reported.


---------------
; Report TCCS ;
---------------
No dedicated SERDES Transmitter circuitry present in device or used in design


---------------
; Report RSKM ;
---------------
No non-DPA dedicated SERDES Receiver circuitry present in device or used in design


+------------------------------------------------+
; Unconstrained Paths Summary                    ;
+---------------------------------+-------+------+
; Property                        ; Setup ; Hold ;
+---------------------------------+-------+------+
; Illegal Clocks                  ; 0     ; 0    ;
; Unconstrained Clocks            ; 0     ; 0    ;
; Unconstrained Input Ports       ; 12    ; 12   ;
; Unconstrained Input Port Paths  ; 105   ; 105  ;
; Unconstrained Output Ports      ; 15    ; 15   ;
; Unconstrained Output Port Paths ; 24    ; 24   ;
+---------------------------------+-------+------+


+------------------------------------------+
; Clock Status Summary                     ;
+----------+----------+------+-------------+
; Target   ; Clock    ; Type ; Status      ;
+----------+----------+------+-------------+
; clk      ; clk      ; Base ; Constrained ;
; ftdi_clk ; ftdi_clk ; Base ; Constrained ;
+----------+----------+------+-------------+


+-----------------------------------------------------------------------------------------------------+
; Unconstrained Input Ports                                                                           ;
+--------------+--------------------------------------------------------------------------------------+
; Input Port   ; Comment                                                                              ;
+--------------+--------------------------------------------------------------------------------------+
; ahmed_clk    ; No input delay, min/max delays, false-path exceptions, or max skew assignments found ;
; ahmed_data   ; No input delay, min/max delays, false-path exceptions, or max skew assignments found ;
; ftdi_data[0] ; No input delay, min/max delays, false-path exceptions, or max skew assignments found ;
; ftdi_data[1] ; No input delay, min/max delays, false-path exceptions, or max skew assignments found ;
; ftdi_data[2] ; No input delay, min/max delays, false-path exceptions, or max skew assignments found ;
; ftdi_data[3] ; No input delay, min/max delays, false-path exceptions, or max skew assignments found ;
; ftdi_data[4] ; No input delay, min/max delays, false-path exceptions, or max skew assignments found ;
; ftdi_data[5] ; No input delay, min/max delays, false-path exceptions, or max skew assignments found ;
; ftdi_data[6] ; No input delay, min/max delays, false-path exceptions, or max skew assignments found ;
; ftdi_data[7] ; No input delay, min/max delays, false-path exceptions, or max skew assignments found ;
; ftdi_rxf_n   ; No input delay, min/max delays, false-path exceptions, or max skew assignments found ;
; ftdi_txe_n   ; No input delay, min/max delays, false-path exceptions, or max skew assignments found ;
+--------------+--------------------------------------------------------------------------------------+


+------------------------------------------------------------------------------------------------------+
; Unconstrained Output Ports                                                                           ;
+--------------+---------------------------------------------------------------------------------------+
; Output Port  ; Comment                                                                               ;
+--------------+---------------------------------------------------------------------------------------+
; LED[0]       ; No output delay, min/max delays, false-path exceptions, or max skew assignments found ;
; LED[1]       ; No output delay, min/max delays, false-path exceptions, or max skew assignments found ;
; LED[2]       ; No output delay, min/max delays, false-path exceptions, or max skew assignments found ;
; LED[3]       ; No output delay, min/max delays, false-path exceptions, or max skew assignments found ;
; ftdi_data[0] ; No output delay, min/max delays, false-path exceptions, or max skew assignments found ;
; ftdi_data[1] ; No output delay, min/max delays, false-path exceptions, or max skew assignments found ;
; ftdi_data[2] ; No output delay, min/max delays, false-path exceptions, or max skew assignments found ;
; ftdi_data[3] ; No output delay, min/max delays, false-path exceptions, or max skew assignments found ;
; ftdi_data[4] ; No output delay, min/max delays, false-path exceptions, or max skew assignments found ;
; ftdi_data[5] ; No output delay, min/max delays, false-path exceptions, or max skew assignments found ;
; ftdi_data[6] ; No output delay, min/max delays, false-path exceptions, or max skew assignments found ;
; ftdi_data[7] ; No output delay, min/max delays, false-path exceptions, or max skew assignments found ;
; ftdi_oe_n    ; No output delay, min/max delays, false-path exceptions, or max skew assignments found ;
; ftdi_rd_n    ; No output delay, min/max delays, false-path exceptions, or max skew assignments found ;
; ftdi_wr_n    ; No output delay, min/max delays, false-path exceptions, or max skew assignments found ;
+--------------+---------------------------------------------------------------------------------------+


+-----------------------------------------------------------------------------------------------------+
; Unconstrained Input Ports                                                                           ;
+--------------+--------------------------------------------------------------------------------------+
; Input Port   ; Comment                                                                              ;
+--------------+--------------------------------------------------------------------------------------+
; ahmed_clk    ; No input delay, min/max delays, false-path exceptions, or max skew assignments found ;
; ahmed_data   ; No input delay, min/max delays, false-path exceptions, or max skew assignments found ;
; ftdi_data[0] ; No input delay, min/max delays, false-path exceptions, or max skew assignments found ;
; ftdi_data[1] ; No input delay, min/max delays, false-path exceptions, or max skew assignments found ;
; ftdi_data[2] ; No input delay, min/max delays, false-path exceptions, or max skew assignments found ;
; ftdi_data[3] ; No input delay, min/max delays, false-path exceptions, or max skew assignments found ;
; ftdi_data[4] ; No input delay, min/max delays, false-path exceptions, or max skew assignments found ;
; ftdi_data[5] ; No input delay, min/max delays, false-path exceptions, or max skew assignments found ;
; ftdi_data[6] ; No input delay, min/max delays, false-path exceptions, or max skew assignments found ;
; ftdi_data[7] ; No input delay, min/max delays, false-path exceptions, or max skew assignments found ;
; ftdi_rxf_n   ; No input delay, min/max delays, false-path exceptions, or max skew assignments found ;
; ftdi_txe_n   ; No input delay, min/max delays, false-path exceptions, or max skew assignments found ;
+--------------+--------------------------------------------------------------------------------------+


+------------------------------------------------------------------------------------------------------+
; Unconstrained Output Ports                                                                           ;
+--------------+---------------------------------------------------------------------------------------+
; Output Port  ; Comment                                                                               ;
+--------------+---------------------------------------------------------------------------------------+
; LED[0]       ; No output delay, min/max delays, false-path exceptions, or max skew assignments found ;
; LED[1]       ; No output delay, min/max delays, false-path exceptions, or max skew assignments found ;
; LED[2]       ; No output delay, min/max delays, false-path exceptions, or max skew assignments found ;
; LED[3]       ; No output delay, min/max delays, false-path exceptions, or max skew assignments found ;
; ftdi_data[0] ; No output delay, min/max delays, false-path exceptions, or max skew assignments found ;
; ftdi_data[1] ; No output delay, min/max delays, false-path exceptions, or max skew assignments found ;
; ftdi_data[2] ; No output delay, min/max delays, false-path exceptions, or max skew assignments found ;
; ftdi_data[3] ; No output delay, min/max delays, false-path exceptions, or max skew assignments found ;
; ftdi_data[4] ; No output delay, min/max delays, false-path exceptions, or max skew assignments found ;
; ftdi_data[5] ; No output delay, min/max delays, false-path exceptions, or max skew assignments found ;
; ftdi_data[6] ; No output delay, min/max delays, false-path exceptions, or max skew assignments found ;
; ftdi_data[7] ; No output delay, min/max delays, false-path exceptions, or max skew assignments found ;
; ftdi_oe_n    ; No output delay, min/max delays, false-path exceptions, or max skew assignments found ;
; ftdi_rd_n    ; No output delay, min/max delays, false-path exceptions, or max skew assignments found ;
; ftdi_wr_n    ; No output delay, min/max delays, false-path exceptions, or max skew assignments found ;
+--------------+---------------------------------------------------------------------------------------+


+--------------------------+
; Timing Analyzer Messages ;
+--------------------------+
Info: *******************************************************************
Info: Running Quartus Prime Timing Analyzer
    Info: Version 18.0.0 Build 614 04/24/2018 SJ Lite Edition
    Info: Processing started: Mon Nov 20 14:17:07 2023
Info: Command: quartus_sta ft232h_245fifo -c ft232h_245fifo
Info: qsta_default_script.tcl version: #2
Warning (18236): Number of processors has not been specified which may cause overloading on shared machines.  Set the global assignment NUM_PARALLEL_PROCESSORS in your QSF to an appropriate value for best performance.
Info (20030): Parallel compilation is enabled and will use 4 of the 4 processors detected
Info (21077): Low junction temperature is 0 degrees C
Info (21077): High junction temperature is 85 degrees C
Info (332164): Evaluating HDL-embedded SDC commands
    Info (332165): Entity dcfifo_7vf1
        Info (332166): set_false_path -from *rdptr_g* -to *ws_dgrp|dffpipe_1v8:dffpipe16|dffe17a* 
        Info (332166): set_false_path -from *delayed_wrptr_g* -to *rs_dgwp|dffpipe_0v8:dffpipe13|dffe14a* 
Warning (332174): Ignored filter at qsta_default_script.tcl(1297): *rdptr_g* could not be matched with a clock or keeper or register or port or pin or cell or partition File: C:/altera/18.0/quartus/common/tcl/internal/qsta_default_script.tcl Line: 1297
Warning (332174): Ignored filter at qsta_default_script.tcl(1297): *ws_dgrp|dffpipe_1v8:dffpipe16|dffe17a* could not be matched with a clock or keeper or register or port or pin or cell or partition File: C:/altera/18.0/quartus/common/tcl/internal/qsta_default_script.tcl Line: 1297
Warning (332049): Ignored set_false_path at qsta_default_script.tcl(1297): Argument <from> is not an object ID File: C:/altera/18.0/quartus/common/tcl/internal/qsta_default_script.tcl Line: 1297
    Info (332050): read_sdc File: C:/altera/18.0/quartus/common/tcl/internal/qsta_default_script.tcl Line: 1297
Warning (332049): Ignored set_false_path at qsta_default_script.tcl(1297): Argument <to> is not an object ID File: C:/altera/18.0/quartus/common/tcl/internal/qsta_default_script.tcl Line: 1297
Warning (332174): Ignored filter at qsta_default_script.tcl(1297): *delayed_wrptr_g* could not be matched with a clock or keeper or register or port or pin or cell or partition File: C:/altera/18.0/quartus/common/tcl/internal/qsta_default_script.tcl Line: 1297
Warning (332174): Ignored filter at qsta_default_script.tcl(1297): *rs_dgwp|dffpipe_0v8:dffpipe13|dffe14a* could not be matched with a clock or keeper or register or port or pin or cell or partition File: C:/altera/18.0/quartus/common/tcl/internal/qsta_default_script.tcl Line: 1297
Warning (332049): Ignored set_false_path at qsta_default_script.tcl(1297): Argument <from> is not an object ID File: C:/altera/18.0/quartus/common/tcl/internal/qsta_default_script.tcl Line: 1297
    Info (332050): read_sdc File: C:/altera/18.0/quartus/common/tcl/internal/qsta_default_script.tcl Line: 1297
Warning (332049): Ignored set_false_path at qsta_default_script.tcl(1297): Argument <to> is not an object ID File: C:/altera/18.0/quartus/common/tcl/internal/qsta_default_script.tcl Line: 1297
Info (332104): Reading SDC File: 'FPGA-ftdi245fifo-main/RTL/fpga_ft232h_example/constraint_ft232h.sdc'
Critical Warning (332168): The following clock transfers have no clock uncertainty assignment. For more accurate results, apply clock uncertainty assignments or use the derive_clock_uncertainty command.
    Critical Warning (332169): From clk (Rise) to clk (Rise) (setup and hold)
    Critical Warning (332169): From ftdi_clk (Rise) to ftdi_clk (Rise) (setup and hold)
Info: Found TIMING_ANALYZER_REPORT_SCRIPT_INCLUDE_DEFAULT_ANALYSIS = ON
Info: Analyzing Slow 1200mV 85C Model
Info: Can't run Report Timing Closure Recommendations. The current device family is not supported.
Info (332146): Worst-case setup slack is 7.041
    Info (332119):     Slack       End Point TNS Clock 
    Info (332119): ========= =================== =====================
    Info (332119):     7.041               0.000 ftdi_clk 
    Info (332119):    10.486               0.000 clk 
Info (332146): Worst-case hold slack is 0.305
    Info (332119):     Slack       End Point TNS Clock 
    Info (332119): ========= =================== =====================
    Info (332119):     0.305               0.000 clk 
    Info (332119):     0.394               0.000 ftdi_clk 
Info (332146): Worst-case recovery slack is 11.621
    Info (332119):     Slack       End Point TNS Clock 
    Info (332119): ========= =================== =====================
    Info (332119):    11.621               0.000 ftdi_clk 
    Info (332119):    16.781               0.000 clk 
Info (332146): Worst-case removal slack is 2.314
    Info (332119):     Slack       End Point TNS Clock 
    Info (332119): ========= =================== =====================
    Info (332119):     2.314               0.000 clk 
    Info (332119):     3.110               0.000 ftdi_clk 
Info (332146): Worst-case minimum pulse width slack is 7.955
    Info (332119):     Slack       End Point TNS Clock 
    Info (332119): ========= =================== =====================
    Info (332119):     7.955               0.000 ftdi_clk 
    Info (332119):     9.578               0.000 clk 
Info (332114): Report Metastability: Found 40 synchronizer chains.
    Info (332114): The design MTBF is not calculated because there are no specified synchronizers in the design.
    Info (332114): Number of Synchronizer Chains Found: 40
    Info (332114): Shortest Synchronizer Chain: 2 Registers
    Info (332114): Fraction of Chains for which MTBFs Could Not be Calculated: 1.000
    Info (332114): Worst Case Available Settling Time: 24.203 ns
    Info (332114): 
Info: Analyzing Slow 1200mV 0C Model
Info (334003): Started post-fitting delay annotation
Info (334004): Delay annotation completed successfully
Critical Warning (332168): The following clock transfers have no clock uncertainty assignment. For more accurate results, apply clock uncertainty assignments or use the derive_clock_uncertainty command.
    Critical Warning (332169): From clk (Rise) to clk (Rise) (setup and hold)
    Critical Warning (332169): From ftdi_clk (Rise) to ftdi_clk (Rise) (setup and hold)
Info (332146): Worst-case setup slack is 7.558
    Info (332119):     Slack       End Point TNS Clock 
    Info (332119): ========= =================== =====================
    Info (332119):     7.558               0.000 ftdi_clk 
    Info (332119):    10.915               0.000 clk 
Info (332146): Worst-case hold slack is 0.278
    Info (332119):     Slack       End Point TNS Clock 
    Info (332119): ========= =================== =====================
    Info (332119):     0.278               0.000 clk 
    Info (332119):     0.352               0.000 ftdi_clk 
Info (332146): Worst-case recovery slack is 11.918
    Info (332119):     Slack       End Point TNS Clock 
    Info (332119): ========= =================== =====================
    Info (332119):    11.918               0.000 ftdi_clk 
    Info (332119):    17.048               0.000 clk 
Info (332146): Worst-case removal slack is 2.102
    Info (332119):     Slack       End Point TNS Clock 
    Info (332119): ========= =================== =====================
    Info (332119):     2.102               0.000 clk 
    Info (332119):     2.789               0.000 ftdi_clk 
Info (332146): Worst-case minimum pulse width slack is 7.817
    Info (332119):     Slack       End Point TNS Clock 
    Info (332119): ========= =================== =====================
    Info (332119):     7.817               0.000 ftdi_clk 
    Info (332119):     9.602               0.000 clk 
Info (332114): Report Metastability: Found 40 synchronizer chains.
    Info (332114): The design MTBF is not calculated because there are no specified synchronizers in the design.
    Info (332114): Number of Synchronizer Chains Found: 40
    Info (332114): Shortest Synchronizer Chain: 2 Registers
    Info (332114): Fraction of Chains for which MTBFs Could Not be Calculated: 1.000
    Info (332114): Worst Case Available Settling Time: 24.736 ns
    Info (332114): 
Info: Analyzing Fast 1200mV 0C Model
Critical Warning (332168): The following clock transfers have no clock uncertainty assignment. For more accurate results, apply clock uncertainty assignments or use the derive_clock_uncertainty command.
    Critical Warning (332169): From clk (Rise) to clk (Rise) (setup and hold)
    Critical Warning (332169): From ftdi_clk (Rise) to ftdi_clk (Rise) (setup and hold)
Info (332146): Worst-case setup slack is 12.650
    Info (332119):     Slack       End Point TNS Clock 
    Info (332119): ========= =================== =====================
    Info (332119):    12.650               0.000 ftdi_clk 
    Info (332119):    16.245               0.000 clk 
Info (332146): Worst-case hold slack is 0.107
    Info (332119):     Slack       End Point TNS Clock 
    Info (332119): ========= =================== =====================
    Info (332119):     0.107               0.000 clk 
    Info (332119):     0.158               0.000 ftdi_clk 
Info (332146): Worst-case recovery slack is 14.519
    Info (332119):     Slack       End Point TNS Clock 
    Info (332119): ========= =================== =====================
    Info (332119):    14.519               0.000 ftdi_clk 
    Info (332119):    18.545               0.000 clk 
Info (332146): Worst-case removal slack is 1.012
    Info (332119):     Slack       End Point TNS Clock 
    Info (332119): ========= =================== =====================
    Info (332119):     1.012               0.000 clk 
    Info (332119):     1.288               0.000 ftdi_clk 
Info (332146): Worst-case minimum pulse width slack is 7.498
    Info (332119):     Slack       End Point TNS Clock 
    Info (332119): ========= =================== =====================
    Info (332119):     7.498               0.000 ftdi_clk 
    Info (332119):     9.268               0.000 clk 
Info (332114): Report Metastability: Found 40 synchronizer chains.
    Info (332114): The design MTBF is not calculated because there are no specified synchronizers in the design.
    Info (332114): Number of Synchronizer Chains Found: 40
    Info (332114): Shortest Synchronizer Chain: 2 Registers
    Info (332114): Fraction of Chains for which MTBFs Could Not be Calculated: 1.000
    Info (332114): Worst Case Available Settling Time: 29.496 ns
    Info (332114): 
Info (332102): Design is not fully constrained for setup requirements
Info (332102): Design is not fully constrained for hold requirements
Info: Quartus Prime Timing Analyzer was successful. 0 errors, 18 warnings
    Info: Peak virtual memory: 4791 megabytes
    Info: Processing ended: Mon Nov 20 14:17:11 2023
    Info: Elapsed time: 00:00:04
    Info: Total CPU time (on all processors): 00:00:03


