Flow report for ft232h_245fifo
Fri Nov 17 13:04:54 2023
Quartus Prime Version 18.0.0 Build 614 04/24/2018 SJ Lite Edition


---------------------
; Table of Contents ;
---------------------
  1. Legal Notice
  2. Flow Summary
  3. Flow Settings
  4. Flow Non-Default Global Settings
  5. Flow Elapsed Time
  6. Flow OS Summary
  7. Flow Log
  8. Flow Messages
  9. Flow Suppressed Messages



----------------
; Legal Notice ;
----------------
Copyright (C) 2018  Intel Corporation. All rights reserved.
Your use of Intel Corporation's design tools, logic functions 
and other software and tools, and its AMPP partner logic 
functions, and any output files from any of the foregoing 
(including device programming or simulation files), and any 
associated documentation or information are expressly subject 
to the terms and conditions of the Intel Program License 
Subscription Agreement, the Intel Quartus Prime License Agreement,
the Intel FPGA IP License Agreement, or other applicable license
agreement, including, without limitation, that your use is for
the sole purpose of programming logic devices manufactured by
Intel and sold by Intel or its authorized distributors.  Please
refer to the applicable agreement for further details.



+----------------------------------------------------------------------------------+
; Flow Summary                                                                     ;
+------------------------------------+---------------------------------------------+
; Flow Status                        ; Successful - Fri Nov 17 13:04:46 2023       ;
; Quartus Prime Version              ; 18.0.0 Build 614 04/24/2018 SJ Lite Edition ;
; Revision Name                      ; ft232h_245fifo                              ;
; Top-level Entity Name              ; fpga_top_ft232h_loopback                    ;
; Family                             ; MAX 10                                      ;
; Device                             ; 10M08SAE144C8G                              ;
; Timing Models                      ; Final                                       ;
; Total logic elements               ; 1,078 / 8,064 ( 13 % )                      ;
;     Total combinational functions  ; 882 / 8,064 ( 11 % )                        ;
;     Dedicated logic registers      ; 773 / 8,064 ( 10 % )                        ;
; Total registers                    ; 773                                         ;
; Total pins                         ; 19 / 101 ( 19 % )                           ;
; Total virtual pins                 ; 0                                           ;
; Total memory bits                  ; 83,968 / 387,072 ( 22 % )                   ;
; Embedded Multiplier 9-bit elements ; 0 / 48 ( 0 % )                              ;
; Total PLLs                         ; 0 / 1 ( 0 % )                               ;
; UFM blocks                         ; 0 / 1 ( 0 % )                               ;
; ADC blocks                         ; 0 / 1 ( 0 % )                               ;
+------------------------------------+---------------------------------------------+


+-----------------------------------------+
; Flow Settings                           ;
+-------------------+---------------------+
; Option            ; Setting             ;
+-------------------+---------------------+
; Start date & time ; 11/17/2023 13:04:00 ;
; Main task         ; Compilation         ;
; Revision Name     ; ft232h_245fifo      ;
+-------------------+---------------------+


+---------------------------------------------------------------------------------------------------------------------------------------+
; Flow Non-Default Global Settings                                                                                                      ;
+-------------------------------------+----------------------------------------+----------------+--------------------------+------------+
; Assignment Name                     ; Value                                  ; Default Value  ; Entity Name              ; Section Id ;
+-------------------------------------+----------------------------------------+----------------+--------------------------+------------+
; COMPILER_SIGNATURE_ID               ; 159303461227190.170024424016100        ; --             ; --                       ; --         ;
; MAX_CORE_JUNCTION_TEMP              ; 85                                     ; --             ; --                       ; --         ;
; MIN_CORE_JUNCTION_TEMP              ; 0                                      ; --             ; --                       ; --         ;
; PARTITION_COLOR                     ; -- (Not supported for targeted family) ; --             ; fpga_top_ft232h_loopback ; Top        ;
; PARTITION_FITTER_PRESERVATION_LEVEL ; -- (Not supported for targeted family) ; --             ; fpga_top_ft232h_loopback ; Top        ;
; PARTITION_NETLIST_TYPE              ; -- (Not supported for targeted family) ; --             ; fpga_top_ft232h_loopback ; Top        ;
; PROJECT_OUTPUT_DIRECTORY            ; output_files                           ; --             ; --                       ; --         ;
; TOP_LEVEL_ENTITY                    ; fpga_top_ft232h_loopback               ; ft232h_245fifo ; --                       ; --         ;
+-------------------------------------+----------------------------------------+----------------+--------------------------+------------+


+--------------------------------------------------------------------------------------------------------------------------+
; Flow Elapsed Time                                                                                                        ;
+----------------------+--------------+-------------------------+---------------------+------------------------------------+
; Module Name          ; Elapsed Time ; Average Processors Used ; Peak Virtual Memory ; Total CPU Time (on all processors) ;
+----------------------+--------------+-------------------------+---------------------+------------------------------------+
; Analysis & Synthesis ; 00:00:13     ; 1.0                     ; 4794 MB             ; 00:00:12                           ;
; Fitter               ; 00:00:20     ; 1.2                     ; 5565 MB             ; 00:00:15                           ;
; Assembler            ; 00:00:01     ; 1.0                     ; 4678 MB             ; 00:00:01                           ;
; Power Analyzer       ; 00:00:07     ; 1.2                     ; 4828 MB             ; 00:00:07                           ;
; Timing Analyzer      ; 00:00:06     ; 1.2                     ; 4793 MB             ; 00:00:06                           ;
; Total                ; 00:00:47     ; --                      ; --                  ; 00:00:41                           ;
+----------------------+--------------+-------------------------+---------------------+------------------------------------+


+------------------------------------------------------------------------------------+
; Flow OS Summary                                                                    ;
+----------------------+------------------+------------+------------+----------------+
; Module Name          ; Machine Hostname ; OS Name    ; OS Version ; Processor type ;
+----------------------+------------------+------------+------------+----------------+
; Analysis & Synthesis ; WINDOWS-2KDMUV7  ; Windows 10 ; 10.0       ; x86_64         ;
; Fitter               ; WINDOWS-2KDMUV7  ; Windows 10 ; 10.0       ; x86_64         ;
; Assembler            ; WINDOWS-2KDMUV7  ; Windows 10 ; 10.0       ; x86_64         ;
; Power Analyzer       ; WINDOWS-2KDMUV7  ; Windows 10 ; 10.0       ; x86_64         ;
; Timing Analyzer      ; WINDOWS-2KDMUV7  ; Windows 10 ; 10.0       ; x86_64         ;
+----------------------+------------------+------------+------------+----------------+


------------
; Flow Log ;
------------
quartus_map --read_settings_files=on --write_settings_files=off ft232h_245fifo -c ft232h_245fifo
quartus_fit --read_settings_files=off --write_settings_files=off ft232h_245fifo -c ft232h_245fifo
quartus_asm --read_settings_files=off --write_settings_files=off ft232h_245fifo -c ft232h_245fifo
quartus_pow --read_settings_files=off --write_settings_files=off ft232h_245fifo -c ft232h_245fifo
quartus_sta ft232h_245fifo -c ft232h_245fifo



